\BOOKMARK [1][-]{section.1}{Quarks and leptons}{}% 1
\BOOKMARK [2][-]{subsection.1.1}{Preamble}{section.1}% 2
\BOOKMARK [3][-]{subsubsection.1.1.1}{Why high energies?}{subsection.1.1}% 3
\BOOKMARK [3][-]{subsubsection.1.1.2}{Units in high energy physics}{subsection.1.1}% 4
\BOOKMARK [3][-]{subsubsection.1.1.3}{Relativistic transformations}{subsection.1.1}% 5
\BOOKMARK [3][-]{subsubsection.1.1.4}{Fixed-target and colliding beam accelerators}{subsection.1.1}% 6
\BOOKMARK [2][-]{subsection.1.2}{The Standard Model of particle physics}{section.1}% 7
\BOOKMARK [3][-]{subsubsection.1.2.1}{The fundamental fermions}{subsection.1.2}% 8
\BOOKMARK [3][-]{subsubsection.1.2.2}{The interactions}{subsection.1.2}% 9
\BOOKMARK [3][-]{subsubsection.1.2.3}{Limitations of the Standard Model}{subsection.1.2}% 10
\BOOKMARK [2][-]{subsection.1.3}{Particle classification: fermions and bosons}{section.1}% 11
\BOOKMARK [2][-]{subsection.1.4}{Particles and antiparticles}{section.1}% 12
\BOOKMARK [2][-]{subsection.1.5}{Free particle wave equations}{section.1}% 13
\BOOKMARK [2][-]{subsection.1.6}{Helicity states: helicity conservation}{section.1}% 14
\BOOKMARK [2][-]{subsection.1.7}{Lepton flavours}{section.1}% 15
\BOOKMARK [2][-]{subsection.1.8}{Quark flavours}{section.1}% 16
\BOOKMARK [2][-]{subsection.1.9}{The cosmic connection}{section.1}% 17
\BOOKMARK [3][-]{subsubsection.1.9.1}{Early work in cosmic rays}{subsection.1.9}% 18
\BOOKMARK [3][-]{subsubsection.1.9.2}{Particle physics in cosmology}{subsection.1.9}% 19
\BOOKMARK [1][-]{section.2}{Interactions and fields}{}% 20
\BOOKMARK [1][-]{section.3}{Invariance principles and conservation laws}{}% 21
\BOOKMARK [1][-]{section.4}{Quarks in hadrons}{}% 22
\BOOKMARK [1][-]{section.5}{Lepton and quark scattering}{}% 23
\BOOKMARK [1][-]{section.6}{Quark interactions and QCD}{}% 24
\BOOKMARK [1][-]{section.7}{Weak interactions}{}% 25
\BOOKMARK [1][-]{section.8}{Electroweak interactions and the Standard Model}{}% 26
\BOOKMARK [1][-]{section.9}{Physics beyond the Standard Model}{}% 27
\BOOKMARK [1][-]{section.10}{Particle physics and cosmology}{}% 28
\BOOKMARK [1][-]{section.11}{Experimental methods}{}% 29
